<?xml version="1.0" encoding="UTF-8"?>
<testng-results ignored="0" total="1" passed="1" failed="0" skipped="0">
  <reporter-output>
  </reporter-output>
  <suite started-at="2022-10-03T09:14:56 IST" name="Default suite" finished-at="2022-10-03T09:14:57 IST" duration-ms="109">
    <groups>
    </groups>
    <test started-at="2022-10-03T09:14:56 IST" name="Default test" finished-at="2022-10-03T09:14:57 IST" duration-ms="109">
      <class name="testngg.testngtest">
        <test-method is-config="true" signature="beforeclasss()[pri:0, instance:testngg.testngtest@1b1473ab]" started-at="2022-10-03T09:14:56 IST" name="beforeclasss" finished-at="2022-10-03T09:14:56 IST" duration-ms="19" status="PASS">
          <reporter-output>
          </reporter-output>
        </test-method> <!-- beforeclasss -->
        <test-method is-config="true" signature="beforemethodd()[pri:0, instance:testngg.testngtest@1b1473ab]" started-at="2022-10-03T09:14:56 IST" name="beforemethodd" finished-at="2022-10-03T09:14:56 IST" duration-ms="1" status="PASS">
          <reporter-output>
          </reporter-output>
        </test-method> <!-- beforemethodd -->
        <test-method signature="test123()[pri:0, instance:testngg.testngtest@1b1473ab]" started-at="2022-10-03T09:14:56 IST" name="test123" finished-at="2022-10-03T09:14:57 IST" duration-ms="13" status="PASS">
          <reporter-output>
          </reporter-output>
        </test-method> <!-- test123 -->
      </class> <!-- testngg.testngtest -->
    </test> <!-- Default test -->
  </suite> <!-- Default suite -->
</testng-results>
